[debug] [2025-06-17T15:52:12.785Z] ----------------------------------------------------------------------
[debug] [2025-06-17T15:52:12.789Z] Command:       /usr/local/bin/node /usr/local/bin/firebase init
[debug] [2025-06-17T15:52:12.790Z] CLI Version:   14.6.0
[debug] [2025-06-17T15:52:12.790Z] Platform:      darwin
[debug] [2025-06-17T15:52:12.790Z] Node Version:  v22.16.0
[debug] [2025-06-17T15:52:12.791Z] Time:          Tue Jun 17 2025 22:52:12 GMT+0700 (Western Indonesia Time)
[debug] [2025-06-17T15:52:12.791Z] ----------------------------------------------------------------------
[debug] 
[debug] [2025-06-17T15:52:12.799Z] > command requires scopes: ["email","openid","https://www.googleapis.com/auth/cloudplatformprojects.readonly","https://www.googleapis.com/auth/firebase","https://www.googleapis.com/auth/cloud-platform"]
[debug] [2025-06-17T15:52:12.799Z] > authorizing via signed-in user (permataenergiborneo@gmail.com)
[info] 
     ######## #### ########  ######## ########     ###     ######  ########
     ##        ##  ##     ## ##       ##     ##  ##   ##  ##       ##
     ######    ##  ########  ######   ########  #########  ######  ######
     ##        ##  ##    ##  ##       ##     ## ##     ##       ## ##
     ##       #### ##     ## ######## ########  ##     ##  ######  ########

You're about to initialize a Firebase project in this directory:

  /Users/nabhan/Dev/sistem-keuangan-ptpeb

[info] 
=== Project Setup
[info] 
[info] First, let's associate this project directory with a Firebase project.
[info] You can create multiple project aliases by running firebase use --add, 
[info] but for now we'll just set up a default project.
[info] 
[debug] [2025-06-17T15:52:33.258Z] Checked if tokens are valid: true, expires at: 1750179116652
[debug] [2025-06-17T15:52:33.259Z] Checked if tokens are valid: true, expires at: 1750179116652
[debug] [2025-06-17T15:52:33.260Z] >>> [apiv2][query] GET https://firebase.googleapis.com/v1beta1/projects pageSize=100
[debug] [2025-06-17T15:52:34.321Z] <<< [apiv2][status] GET https://firebase.googleapis.com/v1beta1/projects 200
[debug] [2025-06-17T15:52:34.322Z] <<< [apiv2][body] GET https://firebase.googleapis.com/v1beta1/projects [omitted]
[info] i  Using project sistem-keuangan-ptpeb (sistem-keuangan-ptpeb) 
[info] 
=== Firestore Setup
[info] i  firestore: ensuring required API firestore.googleapis.com is enabled... 
[debug] [2025-06-17T15:52:36.525Z] Checked if tokens are valid: true, expires at: 1750179116652
[debug] [2025-06-17T15:52:36.526Z] Checked if tokens are valid: true, expires at: 1750179116652
[debug] [2025-06-17T15:52:36.526Z] >>> [apiv2][query] GET https://serviceusage.googleapis.com/v1/projects/sistem-keuangan-ptpeb/services/firestore.googleapis.com [none]
[debug] [2025-06-17T15:52:36.526Z] >>> [apiv2][(partial)header] GET https://serviceusage.googleapis.com/v1/projects/sistem-keuangan-ptpeb/services/firestore.googleapis.com x-goog-quota-user=projects/sistem-keuangan-ptpeb
[debug] [2025-06-17T15:52:38.218Z] <<< [apiv2][status] GET https://serviceusage.googleapis.com/v1/projects/sistem-keuangan-ptpeb/services/firestore.googleapis.com 200
[debug] [2025-06-17T15:52:38.218Z] <<< [apiv2][body] GET https://serviceusage.googleapis.com/v1/projects/sistem-keuangan-ptpeb/services/firestore.googleapis.com [omitted]
[warn] ⚠  firestore: missing required API firestore.googleapis.com. Enabling now... 
[debug] [2025-06-17T15:52:38.219Z] Checked if tokens are valid: true, expires at: 1750179116652
[debug] [2025-06-17T15:52:38.219Z] Checked if tokens are valid: true, expires at: 1750179116652
[debug] [2025-06-17T15:52:38.219Z] >>> [apiv2][query] POST https://serviceusage.googleapis.com/v1/projects/sistem-keuangan-ptpeb/services/firestore.googleapis.com:enable [none]
[debug] [2025-06-17T15:52:38.220Z] >>> [apiv2][(partial)header] POST https://serviceusage.googleapis.com/v1/projects/sistem-keuangan-ptpeb/services/firestore.googleapis.com:enable x-goog-quota-user=projects/sistem-keuangan-ptpeb
[debug] [2025-06-17T15:52:38.820Z] <<< [apiv2][status] POST https://serviceusage.googleapis.com/v1/projects/sistem-keuangan-ptpeb/services/firestore.googleapis.com:enable 200
[debug] [2025-06-17T15:52:38.821Z] <<< [apiv2][body] POST https://serviceusage.googleapis.com/v1/projects/sistem-keuangan-ptpeb/services/firestore.googleapis.com:enable [omitted]
[debug] [2025-06-17T15:52:48.822Z] Checked if tokens are valid: true, expires at: 1750179116652
[debug] [2025-06-17T15:52:48.822Z] Checked if tokens are valid: true, expires at: 1750179116652
[debug] [2025-06-17T15:52:48.822Z] >>> [apiv2][query] GET https://serviceusage.googleapis.com/v1/projects/sistem-keuangan-ptpeb/services/firestore.googleapis.com [none]
[debug] [2025-06-17T15:52:48.822Z] >>> [apiv2][(partial)header] GET https://serviceusage.googleapis.com/v1/projects/sistem-keuangan-ptpeb/services/firestore.googleapis.com x-goog-quota-user=projects/sistem-keuangan-ptpeb
[debug] [2025-06-17T15:52:50.394Z] <<< [apiv2][status] GET https://serviceusage.googleapis.com/v1/projects/sistem-keuangan-ptpeb/services/firestore.googleapis.com 200
[debug] [2025-06-17T15:52:50.394Z] <<< [apiv2][body] GET https://serviceusage.googleapis.com/v1/projects/sistem-keuangan-ptpeb/services/firestore.googleapis.com [omitted]
[info] ✔  firestore: required API firestore.googleapis.com is enabled 
[debug] [2025-06-17T15:52:50.398Z] Checked if tokens are valid: true, expires at: 1750179116652
[debug] [2025-06-17T15:52:50.398Z] Checked if tokens are valid: true, expires at: 1750179116652
[debug] [2025-06-17T15:52:50.398Z] >>> [apiv2][query] GET https://firestore.googleapis.com/v1/projects/sistem-keuangan-ptpeb/databases [none]
[debug] [2025-06-17T15:52:51.109Z] <<< [apiv2][status] GET https://firestore.googleapis.com/v1/projects/sistem-keuangan-ptpeb/databases 200
[debug] [2025-06-17T15:52:51.109Z] <<< [apiv2][body] GET https://firestore.googleapis.com/v1/projects/sistem-keuangan-ptpeb/databases {}
[debug] [2025-06-17T15:52:51.109Z] Checked if tokens are valid: true, expires at: 1750179116652
[debug] [2025-06-17T15:52:51.110Z] Checked if tokens are valid: true, expires at: 1750179116652
[debug] [2025-06-17T15:52:51.110Z] >>> [apiv2][query] GET https://firestore.googleapis.com/v1/projects/sistem-keuangan-ptpeb/locations [none]
[debug] [2025-06-17T15:52:51.231Z] <<< [apiv2][status] GET https://firestore.googleapis.com/v1/projects/sistem-keuangan-ptpeb/locations 200
[debug] [2025-06-17T15:52:51.231Z] <<< [apiv2][body] GET https://firestore.googleapis.com/v1/projects/sistem-keuangan-ptpeb/locations {"locations":[{"name":"projects/sistem-keuangan-ptpeb/locations/eur3","labels":{"appengine.googleapis.com/geo":"europe-west","cloud.googleapis.com/location":"eur3","cloud.googleapis.com/geo":"eur3"},"metadata":{"@type":"type.googleapis.com/google.firestore.admin.v1.LocationMetadata"},"locationId":"eur3","displayName":"Europe"},{"name":"projects/sistem-keuangan-ptpeb/locations/nam5","labels":{"appengine.googleapis.com/geo":"us-central","cloud.googleapis.com/location":"nam5","cloud.googleapis.com/geo":"nam5"},"metadata":{"@type":"type.googleapis.com/google.firestore.admin.v1.LocationMetadata"},"locationId":"nam5","displayName":"United States"},{"name":"projects/sistem-keuangan-ptpeb/locations/nam7","labels":{"cloud.googleapis.com/location":"nam7","cloud.googleapis.com/geo":"nam7"},"metadata":{"@type":"type.googleapis.com/google.firestore.admin.v1.LocationMetadata"},"locationId":"nam7","displayName":"United States"},{"name":"projects/sistem-keuangan-ptpeb/locations/africa-south1","labels":{"cloud.googleapis.com/location":"africa-south1","cloud.googleapis.com/region":"africa-south1"},"metadata":{"@type":"type.googleapis.com/google.firestore.admin.v1.LocationMetadata"},"locationId":"africa-south1","displayName":"Johannesburg"},{"name":"projects/sistem-keuangan-ptpeb/locations/asia-east1","labels":{"appengine.googleapis.com/region":"asia-east1","cloud.googleapis.com/location":"asia-east1","cloud.googleapis.com/region":"asia-east1"},"metadata":{"@type":"type.googleapis.com/google.firestore.admin.v1.LocationMetadata"},"locationId":"asia-east1","displayName":"Taiwan"},{"name":"projects/sistem-keuangan-ptpeb/locations/asia-east2","labels":{"appengine.googleapis.com/region":"asia-east2","cloud.googleapis.com/location":"asia-east2","cloud.googleapis.com/region":"asia-east2"},"metadata":{"@type":"type.googleapis.com/google.firestore.admin.v1.LocationMetadata"},"locationId":"asia-east2","displayName":"Hong Kong"},{"name":"projects/sistem-keuangan-ptpeb/locations/asia-northeast1","labels":{"appengine.googleapis.com/region":"asia-northeast1","cloud.googleapis.com/location":"asia-northeast1","cloud.googleapis.com/region":"asia-northeast1"},"metadata":{"@type":"type.googleapis.com/google.firestore.admin.v1.LocationMetadata"},"locationId":"asia-northeast1","displayName":"Tokyo"},{"name":"projects/sistem-keuangan-ptpeb/locations/asia-northeast2","labels":{"appengine.googleapis.com/region":"asia-northeast2","cloud.googleapis.com/location":"asia-northeast2","cloud.googleapis.com/region":"asia-northeast2"},"metadata":{"@type":"type.googleapis.com/google.firestore.admin.v1.LocationMetadata"},"locationId":"asia-northeast2","displayName":"Osaka"},{"name":"projects/sistem-keuangan-ptpeb/locations/asia-northeast3","labels":{"appengine.googleapis.com/region":"asia-northeast3","cloud.googleapis.com/location":"asia-northeast3","cloud.googleapis.com/region":"asia-northeast3"},"metadata":{"@type":"type.googleapis.com/google.firestore.admin.v1.LocationMetadata"},"locationId":"asia-northeast3","displayName":"Seoul"},{"name":"projects/sistem-keuangan-ptpeb/locations/asia-south1","labels":{"appengine.googleapis.com/region":"asia-south1","cloud.googleapis.com/location":"asia-south1","cloud.googleapis.com/region":"asia-south1"},"metadata":{"@type":"type.googleapis.com/google.firestore.admin.v1.LocationMetadata"},"locationId":"asia-south1","displayName":"Mumbai"},{"name":"projects/sistem-keuangan-ptpeb/locations/asia-south2","labels":{"cloud.googleapis.com/location":"asia-south2","cloud.googleapis.com/region":"asia-south2"},"metadata":{"@type":"type.googleapis.com/google.firestore.admin.v1.LocationMetadata"},"locationId":"asia-south2","displayName":"Delhi"},{"name":"projects/sistem-keuangan-ptpeb/locations/asia-southeast1","labels":{"appengine.googleapis.com/region":"asia-southeast1","cloud.googleapis.com/location":"asia-southeast1","cloud.googleapis.com/region":"asia-southeast1"},"metadata":{"@type":"type.googleapis.com/google.firestore.admin.v1.LocationMetadata"},"locationId":"asia-southeast1","displayName":"Singapore"},{"name":"projects/sistem-keuangan-ptpeb/locations/asia-southeast2","labels":{"appengine.googleapis.com/region":"asia-southeast2","cloud.googleapis.com/location":"asia-southeast2","cloud.googleapis.com/region":"asia-southeast2"},"metadata":{"@type":"type.googleapis.com/google.firestore.admin.v1.LocationMetadata"},"locationId":"asia-southeast2","displayName":"Jakarta"},{"name":"projects/sistem-keuangan-ptpeb/locations/australia-southeast1","labels":{"appengine.googleapis.com/region":"australia-southeast1","cloud.googleapis.com/location":"australia-southeast1","cloud.googleapis.com/region":"australia-southeast1"},"metadata":{"@type":"type.googleapis.com/google.firestore.admin.v1.LocationMetadata"},"locationId":"australia-southeast1","displayName":"Sydney"},{"name":"projects/sistem-keuangan-ptpeb/locations/australia-southeast2","labels":{"cloud.googleapis.com/location":"australia-southeast2","cloud.googleapis.com/region":"australia-southeast2"},"metadata":{"@type":"type.googleapis.com/google.firestore.admin.v1.LocationMetadata"},"locationId":"australia-southeast2","displayName":"Melbourne"},{"name":"projects/sistem-keuangan-ptpeb/locations/europe-central2","labels":{"appengine.googleapis.com/region":"europe-central2","cloud.googleapis.com/location":"europe-central2","cloud.googleapis.com/region":"europe-central2"},"metadata":{"@type":"type.googleapis.com/google.firestore.admin.v1.LocationMetadata"},"locationId":"europe-central2","displayName":"Warsaw"},{"name":"projects/sistem-keuangan-ptpeb/locations/europe-north1","labels":{"cloud.googleapis.com/location":"europe-north1","cloud.googleapis.com/region":"europe-north1"},"metadata":{"@type":"type.googleapis.com/google.firestore.admin.v1.LocationMetadata"},"locationId":"europe-north1","displayName":"Finland"},{"name":"projects/sistem-keuangan-ptpeb/locations/europe-north2","labels":{"cloud.googleapis.com/location":"europe-north2","cloud.googleapis.com/region":"europe-north2"},"metadata":{"@type":"type.googleapis.com/google.firestore.admin.v1.LocationMetadata"},"locationId":"europe-north2","displayName":"Stockholm"},{"name":"projects/sistem-keuangan-ptpeb/locations/europe-southwest1","labels":{"cloud.googleapis.com/location":"europe-southwest1","cloud.googleapis.com/region":"europe-southwest1"},"metadata":{"@type":"type.googleapis.com/google.firestore.admin.v1.LocationMetadata"},"locationId":"europe-southwest1","displayName":"Madrid"},{"name":"projects/sistem-keuangan-ptpeb/locations/europe-west1","labels":{"cloud.googleapis.com/location":"europe-west1","cloud.googleapis.com/region":"europe-west1"},"metadata":{"@type":"type.googleapis.com/google.firestore.admin.v1.LocationMetadata"},"locationId":"europe-west1","displayName":"Belgium"},{"name":"projects/sistem-keuangan-ptpeb/locations/europe-west10","labels":{"cloud.googleapis.com/location":"europe-west10","cloud.googleapis.com/region":"europe-west10"},"metadata":{"@type":"type.googleapis.com/google.firestore.admin.v1.LocationMetadata"},"locationId":"europe-west10","displayName":"Berlin"},{"name":"projects/sistem-keuangan-ptpeb/locations/europe-west12","labels":{"cloud.googleapis.com/location":"europe-west12","cloud.googleapis.com/region":"europe-west12"},"metadata":{"@type":"type.googleapis.com/google.firestore.admin.v1.LocationMetadata"},"locationId":"europe-west12","displayName":"Turin"},{"name":"projects/sistem-keuangan-ptpeb/locations/europe-west2","labels":{"appengine.googleapis.com/region":"europe-west2","cloud.googleapis.com/location":"europe-west2","cloud.googleapis.com/region":"europe-west2"},"metadata":{"@type":"type.googleapis.com/google.firestore.admin.v1.LocationMetadata"},"locationId":"europe-west2","displayName":"London"},{"name":"projects/sistem-keuangan-ptpeb/locations/europe-west3","labels":{"appengine.googleapis.com/region":"europe-west3","cloud.googleapis.com/location":"europe-west3","cloud.googleapis.com/region":"europe-west3"},"metadata":{"@type":"type.googleapis.com/google.firestore.admin.v1.LocationMetadata"},"locationId":"europe-west3","displayName":"Frankfurt"},{"name":"projects/sistem-keuangan-ptpeb/locations/europe-west4","labels":{"cloud.googleapis.com/location":"europe-west4","cloud.googleapis.com/region":"europe-west4"},"metadata":{"@type":"type.googleapis.com/google.firestore.admin.v1.LocationMetadata"},"locationId":"europe-west4","displayName":"Netherlands"},{"name":"projects/sistem-keuangan-ptpeb/locations/europe-west6","labels":{"appengine.googleapis.com/region":"europe-west6","cloud.googleapis.com/location":"europe-west6","cloud.googleapis.com/region":"europe-west6"},"metadata":{"@type":"type.googleapis.com/google.firestore.admin.v1.LocationMetadata"},"locationId":"europe-west6","displayName":"Zurich"},{"name":"projects/sistem-keuangan-ptpeb/locations/europe-west8","labels":{"cloud.googleapis.com/location":"europe-west8","cloud.googleapis.com/region":"europe-west8"},"metadata":{"@type":"type.googleapis.com/google.firestore.admin.v1.LocationMetadata"},"locationId":"europe-west8","displayName":"Milan"},{"name":"projects/sistem-keuangan-ptpeb/locations/europe-west9","labels":{"cloud.googleapis.com/location":"europe-west9","cloud.googleapis.com/region":"europe-west9"},"metadata":{"@type":"type.googleapis.com/google.firestore.admin.v1.LocationMetadata"},"locationId":"europe-west9","displayName":"Paris"},{"name":"projects/sistem-keuangan-ptpeb/locations/me-central1","labels":{"cloud.googleapis.com/location":"me-central1","cloud.googleapis.com/region":"me-central1"},"metadata":{"@type":"type.googleapis.com/google.firestore.admin.v1.LocationMetadata"},"locationId":"me-central1","displayName":"Doha"},{"name":"projects/sistem-keuangan-ptpeb/locations/me-central2","labels":{"cloud.googleapis.com/location":"me-central2","cloud.googleapis.com/region":"me-central2"},"metadata":{"@type":"type.googleapis.com/google.firestore.admin.v1.LocationMetadata"},"locationId":"me-central2","displayName":"Dammam"},{"name":"projects/sistem-keuangan-ptpeb/locations/me-west1","labels":{"cloud.googleapis.com/location":"me-west1","cloud.googleapis.com/region":"me-west1"},"metadata":{"@type":"type.googleapis.com/google.firestore.admin.v1.LocationMetadata"},"locationId":"me-west1","displayName":"Tel Aviv"},{"name":"projects/sistem-keuangan-ptpeb/locations/northamerica-northeast1","labels":{"appengine.googleapis.com/region":"northamerica-northeast1","cloud.googleapis.com/location":"northamerica-northeast1","cloud.googleapis.com/region":"northamerica-northeast1"},"metadata":{"@type":"type.googleapis.com/google.firestore.admin.v1.LocationMetadata"},"locationId":"northamerica-northeast1","displayName":"Montréal"},{"name":"projects/sistem-keuangan-ptpeb/locations/northamerica-northeast2","labels":{"cloud.googleapis.com/location":"northamerica-northeast2","cloud.googleapis.com/region":"northamerica-northeast2"},"metadata":{"@type":"type.googleapis.com/google.firestore.admin.v1.LocationMetadata"},"locationId":"northamerica-northeast2","displayName":"Toronto"},{"name":"projects/sistem-keuangan-ptpeb/locations/northamerica-south1","labels":{"cloud.googleapis.com/location":"northamerica-south1","cloud.googleapis.com/region":"northamerica-south1"},"metadata":{"@type":"type.googleapis.com/google.firestore.admin.v1.LocationMetadata"},"locationId":"northamerica-south1","displayName":"Mexico"},{"name":"projects/sistem-keuangan-ptpeb/locations/southamerica-east1","labels":{"appengine.googleapis.com/region":"southamerica-east1","cloud.googleapis.com/location":"southamerica-east1","cloud.googleapis.com/region":"southamerica-east1"},"metadata":{"@type":"type.googleapis.com/google.firestore.admin.v1.LocationMetadata"},"locationId":"southamerica-east1","displayName":"São Paulo"},{"name":"projects/sistem-keuangan-ptpeb/locations/southamerica-west1","labels":{"cloud.googleapis.com/location":"southamerica-west1","cloud.googleapis.com/region":"southamerica-west1"},"metadata":{"@type":"type.googleapis.com/google.firestore.admin.v1.LocationMetadata"},"locationId":"southamerica-west1","displayName":"Santiago"},{"name":"projects/sistem-keuangan-ptpeb/locations/us-central1","labels":{"cloud.googleapis.com/location":"us-central1","cloud.googleapis.com/region":"us-central1"},"metadata":{"@type":"type.googleapis.com/google.firestore.admin.v1.LocationMetadata"},"locationId":"us-central1","displayName":"Iowa"},{"name":"projects/sistem-keuangan-ptpeb/locations/us-east1","labels":{"appengine.googleapis.com/region":"us-east1","cloud.googleapis.com/location":"us-east1","cloud.googleapis.com/region":"us-east1"},"metadata":{"@type":"type.googleapis.com/google.firestore.admin.v1.LocationMetadata"},"locationId":"us-east1","displayName":"South Carolina"},{"name":"projects/sistem-keuangan-ptpeb/locations/us-east4","labels":{"appengine.googleapis.com/region":"us-east4","cloud.googleapis.com/location":"us-east4","cloud.googleapis.com/region":"us-east4"},"metadata":{"@type":"type.googleapis.com/google.firestore.admin.v1.LocationMetadata"},"locationId":"us-east4","displayName":"Northern Virginia"},{"name":"projects/sistem-keuangan-ptpeb/locations/us-east5","labels":{"cloud.googleapis.com/location":"us-east5","cloud.googleapis.com/region":"us-east5"},"metadata":{"@type":"type.googleapis.com/google.firestore.admin.v1.LocationMetadata"},"locationId":"us-east5","displayName":"Columbus"},{"name":"projects/sistem-keuangan-ptpeb/locations/us-south1","labels":{"cloud.googleapis.com/location":"us-south1","cloud.googleapis.com/region":"us-south1"},"metadata":{"@type":"type.googleapis.com/google.firestore.admin.v1.LocationMetadata"},"locationId":"us-south1","displayName":"Dallas"},{"name":"projects/sistem-keuangan-ptpeb/locations/us-west1","labels":{"appengine.googleapis.com/region":"us-west1","cloud.googleapis.com/location":"us-west1","cloud.googleapis.com/region":"us-west1"},"metadata":{"@type":"type.googleapis.com/google.firestore.admin.v1.LocationMetadata"},"locationId":"us-west1","displayName":"Oregon"},{"name":"projects/sistem-keuangan-ptpeb/locations/us-west2","labels":{"appengine.googleapis.com/region":"us-west2","cloud.googleapis.com/location":"us-west2","cloud.googleapis.com/region":"us-west2"},"metadata":{"@type":"type.googleapis.com/google.firestore.admin.v1.LocationMetadata"},"locationId":"us-west2","displayName":"Los Angeles"},{"name":"projects/sistem-keuangan-ptpeb/locations/us-west3","labels":{"appengine.googleapis.com/region":"us-west3","cloud.googleapis.com/location":"us-west3","cloud.googleapis.com/region":"us-west3"},"metadata":{"@type":"type.googleapis.com/google.firestore.admin.v1.LocationMetadata"},"locationId":"us-west3","displayName":"Salt Lake City"},{"name":"projects/sistem-keuangan-ptpeb/locations/us-west4","labels":{"appengine.googleapis.com/region":"us-west4","cloud.googleapis.com/location":"us-west4","cloud.googleapis.com/region":"us-west4"},"metadata":{"@type":"type.googleapis.com/google.firestore.admin.v1.LocationMetadata"},"locationId":"us-west4","displayName":"Las Vegas"},{"name":"projects/sistem-keuangan-ptpeb/locations/us-west8","labels":{"cloud.googleapis.com/location":"us-west8","cloud.googleapis.com/region":"us-west8"},"metadata":{"@type":"type.googleapis.com/google.firestore.admin.v1.LocationMetadata"},"locationId":"us-west8","displayName":"Phoenix"}]}
[info] 
[info] Firestore Security Rules allow you to define how and when to allow
[info] requests. You can keep these rules in your project directory
[info] and publish them with firebase deploy.
[info] 
[debug] [2025-06-17T15:52:55.137Z] Checked if tokens are valid: true, expires at: 1750179116652
[debug] [2025-06-17T15:52:55.137Z] Checked if tokens are valid: true, expires at: 1750179116652
[debug] [2025-06-17T15:52:55.137Z] >>> [apiv2][query] GET https://firebaserules.googleapis.com/v1/projects/sistem-keuangan-ptpeb/releases pageSize=10&pageToken=
[debug] [2025-06-17T15:52:56.637Z] <<< [apiv2][status] GET https://firebaserules.googleapis.com/v1/projects/sistem-keuangan-ptpeb/releases 200
[debug] [2025-06-17T15:52:56.637Z] <<< [apiv2][body] GET https://firebaserules.googleapis.com/v1/projects/sistem-keuangan-ptpeb/releases {}
[info] 
[info] Firestore indexes allow you to perform complex queries while
[info] maintaining performance that scales with the size of the result
[info] set. You can keep index definitions in your project directory
[info] and publish them with firebase deploy.
[info] 
[debug] [2025-06-17T15:52:57.408Z] Checked if tokens are valid: true, expires at: 1750179116652
[debug] [2025-06-17T15:52:57.408Z] Checked if tokens are valid: true, expires at: 1750179116652
[debug] [2025-06-17T15:52:57.409Z] Checked if tokens are valid: true, expires at: 1750179116652
[debug] [2025-06-17T15:52:57.409Z] Checked if tokens are valid: true, expires at: 1750179116652
[debug] [2025-06-17T15:52:57.409Z] >>> [apiv2][query] GET https://firestore.googleapis.com/v1/projects/sistem-keuangan-ptpeb/databases/(default)/collectionGroups/-/indexes [none]
[debug] [2025-06-17T15:52:57.411Z] >>> [apiv2][query] GET https://firestore.googleapis.com/v1/projects/sistem-keuangan-ptpeb/databases/(default)/collectionGroups/-/fields?filter=indexConfig.usesAncestorConfig=false OR ttlConfig:* [none]
[debug] [2025-06-17T15:52:57.611Z] <<< [apiv2][status] GET https://firestore.googleapis.com/v1/projects/sistem-keuangan-ptpeb/databases/(default)/collectionGroups/-/fields?filter=indexConfig.usesAncestorConfig=false OR ttlConfig:* 404
[debug] [2025-06-17T15:52:57.611Z] <<< [apiv2][body] GET https://firestore.googleapis.com/v1/projects/sistem-keuangan-ptpeb/databases/(default)/collectionGroups/-/fields?filter=indexConfig.usesAncestorConfig=false OR ttlConfig:* {"error":{"code":404,"message":"Project 'sistem-keuangan-ptpeb' or database '(default)' does not exist.","status":"NOT_FOUND"}}
[info] ✔  Wrote firestore.rules 
[info] ✔  Wrote firestore.indexes.json 
[info] 
=== Hosting Setup
[debug] [2025-06-17T15:52:57.615Z] Checked if tokens are valid: true, expires at: 1750179116652
[debug] [2025-06-17T15:52:57.615Z] Checked if tokens are valid: true, expires at: 1750179116652
[debug] [2025-06-17T15:52:57.616Z] >>> [apiv2][query] GET https://firebase.googleapis.com/v1beta1/projects/sistem-keuangan-ptpeb [none]
[debug] [2025-06-17T15:52:57.624Z] <<< [apiv2][status] GET https://firestore.googleapis.com/v1/projects/sistem-keuangan-ptpeb/databases/(default)/collectionGroups/-/indexes 404
[debug] [2025-06-17T15:52:57.624Z] <<< [apiv2][body] GET https://firestore.googleapis.com/v1/projects/sistem-keuangan-ptpeb/databases/(default)/collectionGroups/-/indexes {"error":{"code":404,"message":"Project 'sistem-keuangan-ptpeb' or database '(default)' does not exist.","status":"NOT_FOUND"}}
[debug] [2025-06-17T15:52:58.288Z] <<< [apiv2][status] GET https://firebase.googleapis.com/v1beta1/projects/sistem-keuangan-ptpeb 200
[debug] [2025-06-17T15:52:58.288Z] <<< [apiv2][body] GET https://firebase.googleapis.com/v1beta1/projects/sistem-keuangan-ptpeb {"projectId":"sistem-keuangan-ptpeb","projectNumber":"700252927467","displayName":"sistem-keuangan-ptpeb","name":"projects/sistem-keuangan-ptpeb","resources":{"hostingSite":"sistem-keuangan-ptpeb"},"state":"ACTIVE","etag":"1_50ee9c17-8d75-4549-8109-e01b7b381a1f"}
[info] 
[info] Your public directory is the folder (relative to your project directory) that
[info] will contain Hosting assets to be uploaded with firebase deploy. If you
[info] have a build process for your assets, use your build's output directory.
[info] 
